<?xml version="1.0" encoding="UTF-8"?>
<testng-results ignored="0" total="3" passed="3" failed="0" skipped="0">
  <reporter-output>
  </reporter-output>
  <suite started-at="2024-03-04T16:34:28Z" name="Suite" finished-at="2024-03-04T16:40:46Z" duration-ms="377773">
    <groups>
    </groups>
    <test started-at="2024-03-04T16:34:28Z" name="EdgeTest" finished-at="2024-03-04T16:38:26Z" duration-ms="237275">
      <class name="runner.TestRunner">
        <test-method is-config="true" signature="setup(java.lang.String)[pri:0, instance:runner.TestRunner@68044f4]" started-at="2024-03-04T16:34:29Z" name="setup" finished-at="2024-03-04T16:38:17Z" duration-ms="228708" status="PASS">
          <params>
            <param index="0">
              <value>
                <![CDATA[edge]]>
              </value>
            </param>
          </params>
          <reporter-output>
          </reporter-output>
        </test-method> <!-- setup -->
        <test-method signature="features()[pri:0, instance:runner.TestRunner@68044f4]" started-at="2024-03-04T16:38:18Z" name="features" finished-at="2024-03-04T16:38:25Z" duration-ms="7340" status="PASS">
          <reporter-output>
          </reporter-output>
        </test-method> <!-- features -->
      </class> <!-- runner.TestRunner -->
    </test> <!-- EdgeTest -->
    <test started-at="2024-03-04T16:34:28Z" name="ChromeTest" finished-at="2024-03-04T16:38:48Z" duration-ms="260101">
      <class name="runner.TestRunner">
        <test-method is-config="true" signature="setup(java.lang.String)[pri:0, instance:runner.TestRunner@35e5d0e5]" started-at="2024-03-04T16:34:29Z" name="setup" finished-at="2024-03-04T16:38:44Z" duration-ms="255335" status="PASS">
          <params>
            <param index="0">
              <value>
                <![CDATA[chrome]]>
              </value>
            </param>
          </params>
          <reporter-output>
          </reporter-output>
        </test-method> <!-- setup -->
        <test-method signature="features()[pri:0, instance:runner.TestRunner@35e5d0e5]" started-at="2024-03-04T16:38:44Z" name="features" finished-at="2024-03-04T16:38:48Z" duration-ms="4616" status="PASS">
          <reporter-output>
          </reporter-output>
        </test-method> <!-- features -->
      </class> <!-- runner.TestRunner -->
    </test> <!-- ChromeTest -->
    <test started-at="2024-03-04T16:34:28Z" name="FirefoxTest" finished-at="2024-03-04T16:40:46Z" duration-ms="377764">
      <class name="runner.TestRunner">
        <test-method is-config="true" signature="setup(java.lang.String)[pri:0, instance:runner.TestRunner@5f7b97da]" started-at="2024-03-04T16:34:29Z" name="setup" finished-at="2024-03-04T16:40:15Z" duration-ms="346293" status="FAIL">
          <params>
            <param index="0">
              <value>
                <![CDATA[firefox]]>
              </value>
            </param>
          </params>
          <exception class="org.openqa.selenium.SessionNotCreatedException">
            <message>
              <![CDATA[Could not start a new session. New session request timed out 
Host info: host: '3cc0a9023d51', ip: '172.22.0.2'
Build info: version: '4.18.1', revision: 'b1d3319b48'
System info: os.name: 'Linux', os.arch: 'amd64', os.version: '5.15.90.1-microsoft-standard-WSL2', java.version: '11.0.21'
Driver info: driver.version: unknown
Build info: version: '3.14.0', revision: 'aacccce0', time: '2018-08-02T20:19:58.91Z'
System info: host: 'DESKTOP-AO4J0AB', ip: '192.168.56.1', os.name: 'Windows 10', os.arch: 'amd64', os.version: '10.0', java.version: '11.0.16.1'
Driver info: driver.version: RemoteWebDriver
remote stacktrace: [{fileName=LocalNewSessionQueue.java, moduleVersion=null, moduleName=null, nativeMethod=false, methodName=addToQueue, className=org.openqa.selenium.grid.sessionqueue.local.LocalNewSessionQueue, lineNumber=221, classLoaderName=app}, {fileName=NewSessionQueue.java, moduleVersion=null, moduleName=null, nativeMethod=false, methodName=lambda$new$0, className=org.openqa.selenium.grid.sessionqueue.NewSessionQueue, lineNumber=68, classLoaderName=app}, {fileName=Route.java, moduleVersion=null, moduleName=null, nativeMethod=false, methodName=handle, className=org.openqa.selenium.remote.http.Route$TemplatizedRoute, lineNumber=192, classLoaderName=app}, {fileName=Route.java, moduleVersion=null, moduleName=null, nativeMethod=false, methodName=execute, className=org.openqa.selenium.remote.http.Route, lineNumber=69, classLoaderName=app}, {fileName=Route.java, moduleVersion=null, moduleName=null, nativeMethod=false, methodName=handle, className=org.openqa.selenium.remote.http.Route$CombinedRoute, lineNumber=346, classLoaderName=app}, {fileName=Route.java, moduleVersion=null, moduleName=null, nativeMethod=false, methodName=execute, className=org.openqa.selenium.remote.http.Route, lineNumber=69, classLoaderName=app}, {fileName=NewSessionQueue.java, moduleVersion=null, moduleName=null, nativeMethod=false, methodName=execute, className=org.openqa.selenium.grid.sessionqueue.NewSessionQueue, lineNumber=128, classLoaderName=app}, {fileName=SpanWrappedHttpHandler.java, moduleVersion=null, moduleName=null, nativeMethod=false, methodName=execute, className=org.openqa.selenium.remote.tracing.SpanWrappedHttpHandler, lineNumber=87, classLoaderName=app}, {fileName=Filter.java, moduleVersion=null, moduleName=null, nativeMethod=false, methodName=execute, className=org.openqa.selenium.remote.http.Filter$1, lineNumber=63, classLoaderName=app}, {fileName=Route.java, moduleVersion=null, moduleName=null, nativeMethod=false, methodName=handle, className=org.openqa.selenium.remote.http.Route$CombinedRoute, lineNumber=346, classLoaderName=app}, {fileName=Route.java, moduleVersion=null, moduleName=null, nativeMethod=false, methodName=execute, className=org.openqa.selenium.remote.http.Route, lineNumber=69, classLoaderName=app}, {fileName=Router.java, moduleVersion=null, moduleName=null, nativeMethod=false, methodName=execute, className=org.openqa.selenium.grid.router.Router, lineNumber=87, classLoaderName=app}, {fileName=EnsureSpecCompliantResponseHeaders.java, moduleVersion=null, moduleName=null, nativeMethod=false, methodName=lambda$apply$0, className=org.openqa.selenium.grid.web.EnsureSpecCompliantResponseHeaders, lineNumber=34, classLoaderName=app}, {fileName=Filter.java, moduleVersion=null, moduleName=null, nativeMethod=false, methodName=execute, className=org.openqa.selenium.remote.http.Filter$1, lineNumber=63, classLoaderName=app}, {fileName=Route.java, moduleVersion=null, moduleName=null, nativeMethod=false, methodName=handle, className=org.openqa.selenium.remote.http.Route$CombinedRoute, lineNumber=346, classLoaderName=app}, {fileName=Route.java, moduleVersion=null, moduleName=null, nativeMethod=false, methodName=execute, className=org.openqa.selenium.remote.http.Route, lineNumber=69, classLoaderName=app}, {fileName=Route.java, moduleVersion=null, moduleName=null, nativeMethod=false, methodName=handle, className=org.openqa.selenium.remote.http.Route$NestedRoute, lineNumber=270, classLoaderName=app}, {fileName=Route.java, moduleVersion=null, moduleName=null, nativeMethod=false, methodName=execute, className=org.openqa.selenium.remote.http.Route, lineNumber=69, classLoaderName=app}, {fileName=Route.java, moduleVersion=null, moduleName=null, nativeMethod=false, methodName=handle, className=org.openqa.selenium.remote.http.Route$CombinedRoute, lineNumber=346, classLoaderName=app}, {fileName=Route.java, moduleVersion=null, moduleName=null, nativeMethod=false, methodName=execute, className=org.openqa.selenium.remote.http.Route, lineNumber=69, classLoaderName=app}, {fileName=Route.java, moduleVersion=null, moduleName=null, nativeMethod=false, methodName=handle, className=org.openqa.selenium.remote.http.Route$CombinedRoute, lineNumber=346, classLoaderName=app}, {fileName=Route.java, moduleVersion=null, moduleName=null, nativeMethod=false, methodName=execute, className=org.openqa.selenium.remote.http.Route, lineNumber=69, classLoaderName=app}, {fileName=Route.java, moduleVersion=null, moduleName=null, nativeMethod=false, methodName=handle, className=org.openqa.selenium.remote.http.Route$CombinedRoute, lineNumber=346, classLoaderName=app}, {fileName=Route.java, moduleVersion=null, moduleName=null, nativeMethod=false, methodName=execute, className=org.openqa.selenium.remote.http.Route, lineNumber=69, classLoaderName=app}, {fileName=Route.java, moduleVersion=null, moduleName=null, nativeMethod=false, methodName=handle, className=org.openqa.selenium.remote.http.Route$CombinedRoute, lineNumber=346, classLoaderName=app}, {fileName=Route.java, moduleVersion=null, moduleName=null, nativeMethod=false, methodName=execute, className=org.openqa.selenium.remote.http.Route, lineNumber=69, classLoaderName=app}, {fileName=AddWebDriverSpecHeaders.java, moduleVersion=null, moduleName=null, nativeMethod=false, methodName=lambda$apply$0, className=org.openqa.selenium.remote.AddWebDriverSpecHeaders, lineNumber=35, classLoaderName=app}, {fileName=ErrorFilter.java, moduleVersion=null, moduleName=null, nativeMethod=false, methodName=lambda$apply$0, className=org.openqa.selenium.remote.ErrorFilter, lineNumber=44, classLoaderName=app}, {fileName=Filter.java, moduleVersion=null, moduleName=null, nativeMethod=false, methodName=execute, className=org.openqa.selenium.remote.http.Filter$1, lineNumber=63, classLoaderName=app}, {fileName=ErrorFilter.java, moduleVersion=null, moduleName=null, nativeMethod=false, methodName=lambda$apply$0, className=org.openqa.selenium.remote.ErrorFilter, lineNumber=44, classLoaderName=app}, {fileName=Filter.java, moduleVersion=null, moduleName=null, nativeMethod=false, methodName=execute, className=org.openqa.selenium.remote.http.Filter$1, lineNumber=63, classLoaderName=app}, {fileName=SeleniumHandler.java, moduleVersion=null, moduleName=null, nativeMethod=false, methodName=lambda$channelRead0$0, className=org.openqa.selenium.netty.server.SeleniumHandler, lineNumber=44, classLoaderName=app}, {fileName=Executors.java, moduleVersion=11.0.21, moduleName=java.base, nativeMethod=false, methodName=call, className=java.util.concurrent.Executors$RunnableAdapter, lineNumber=515, classLoaderName=null}, {fileName=FutureTask.java, moduleVersion=11.0.21, moduleName=java.base, nativeMethod=false, methodName=run, className=java.util.concurrent.FutureTask, lineNumber=264, classLoaderName=null}, {fileName=ThreadPoolExecutor.java, moduleVersion=11.0.21, moduleName=java.base, nativeMethod=false, methodName=runWorker, className=java.util.concurrent.ThreadPoolExecutor, lineNumber=1128, classLoaderName=null}, {fileName=ThreadPoolExecutor.java, moduleVersion=11.0.21, moduleName=java.base, nativeMethod=false, methodName=run, className=java.util.concurrent.ThreadPoolExecutor$Worker, lineNumber=628, classLoaderName=null}, {fileName=Thread.java, moduleVersion=11.0.21, moduleName=java.base, nativeMethod=false, methodName=run, className=java.lang.Thread, lineNumber=829, classLoaderName=null}]]]>
            </message>
            <full-stacktrace>
              <![CDATA[org.openqa.selenium.SessionNotCreatedException: Could not start a new session. New session request timed out 
Host info: host: '3cc0a9023d51', ip: '172.22.0.2'
Build info: version: '4.18.1', revision: 'b1d3319b48'
System info: os.name: 'Linux', os.arch: 'amd64', os.version: '5.15.90.1-microsoft-standard-WSL2', java.version: '11.0.21'
Driver info: driver.version: unknown
Build info: version: '3.14.0', revision: 'aacccce0', time: '2018-08-02T20:19:58.91Z'
System info: host: 'DESKTOP-AO4J0AB', ip: '192.168.56.1', os.name: 'Windows 10', os.arch: 'amd64', os.version: '10.0', java.version: '11.0.16.1'
Driver info: driver.version: RemoteWebDriver
remote stacktrace: [{fileName=LocalNewSessionQueue.java, moduleVersion=null, moduleName=null, nativeMethod=false, methodName=addToQueue, className=org.openqa.selenium.grid.sessionqueue.local.LocalNewSessionQueue, lineNumber=221, classLoaderName=app}, {fileName=NewSessionQueue.java, moduleVersion=null, moduleName=null, nativeMethod=false, methodName=lambda$new$0, className=org.openqa.selenium.grid.sessionqueue.NewSessionQueue, lineNumber=68, classLoaderName=app}, {fileName=Route.java, moduleVersion=null, moduleName=null, nativeMethod=false, methodName=handle, className=org.openqa.selenium.remote.http.Route$TemplatizedRoute, lineNumber=192, classLoaderName=app}, {fileName=Route.java, moduleVersion=null, moduleName=null, nativeMethod=false, methodName=execute, className=org.openqa.selenium.remote.http.Route, lineNumber=69, classLoaderName=app}, {fileName=Route.java, moduleVersion=null, moduleName=null, nativeMethod=false, methodName=handle, className=org.openqa.selenium.remote.http.Route$CombinedRoute, lineNumber=346, classLoaderName=app}, {fileName=Route.java, moduleVersion=null, moduleName=null, nativeMethod=false, methodName=execute, className=org.openqa.selenium.remote.http.Route, lineNumber=69, classLoaderName=app}, {fileName=NewSessionQueue.java, moduleVersion=null, moduleName=null, nativeMethod=false, methodName=execute, className=org.openqa.selenium.grid.sessionqueue.NewSessionQueue, lineNumber=128, classLoaderName=app}, {fileName=SpanWrappedHttpHandler.java, moduleVersion=null, moduleName=null, nativeMethod=false, methodName=execute, className=org.openqa.selenium.remote.tracing.SpanWrappedHttpHandler, lineNumber=87, classLoaderName=app}, {fileName=Filter.java, moduleVersion=null, moduleName=null, nativeMethod=false, methodName=execute, className=org.openqa.selenium.remote.http.Filter$1, lineNumber=63, classLoaderName=app}, {fileName=Route.java, moduleVersion=null, moduleName=null, nativeMethod=false, methodName=handle, className=org.openqa.selenium.remote.http.Route$CombinedRoute, lineNumber=346, classLoaderName=app}, {fileName=Route.java, moduleVersion=null, moduleName=null, nativeMethod=false, methodName=execute, className=org.openqa.selenium.remote.http.Route, lineNumber=69, classLoaderName=app}, {fileName=Router.java, moduleVersion=null, moduleName=null, nativeMethod=false, methodName=execute, className=org.openqa.selenium.grid.router.Router, lineNumber=87, classLoaderName=app}, {fileName=EnsureSpecCompliantResponseHeaders.java, moduleVersion=null, moduleName=null, nativeMethod=false, methodName=lambda$apply$0, className=org.openqa.selenium.grid.web.EnsureSpecCompliantResponseHeaders, lineNumber=34, classLoaderName=app}, {fileName=Filter.java, moduleVersion=null, moduleName=null, nativeMethod=false, methodName=execute, className=org.openqa.selenium.remote.http.Filter$1, lineNumber=63, classLoaderName=app}, {fileName=Route.java, moduleVersion=null, moduleName=null, nativeMethod=false, methodName=handle, className=org.openqa.selenium.remote.http.Route$CombinedRoute, lineNumber=346, classLoaderName=app}, {fileName=Route.java, moduleVersion=null, moduleName=null, nativeMethod=false, methodName=execute, className=org.openqa.selenium.remote.http.Route, lineNumber=69, classLoaderName=app}, {fileName=Route.java, moduleVersion=null, moduleName=null, nativeMethod=false, methodName=handle, className=org.openqa.selenium.remote.http.Route$NestedRoute, lineNumber=270, classLoaderName=app}, {fileName=Route.java, moduleVersion=null, moduleName=null, nativeMethod=false, methodName=execute, className=org.openqa.selenium.remote.http.Route, lineNumber=69, classLoaderName=app}, {fileName=Route.java, moduleVersion=null, moduleName=null, nativeMethod=false, methodName=handle, className=org.openqa.selenium.remote.http.Route$CombinedRoute, lineNumber=346, classLoaderName=app}, {fileName=Route.java, moduleVersion=null, moduleName=null, nativeMethod=false, methodName=execute, className=org.openqa.selenium.remote.http.Route, lineNumber=69, classLoaderName=app}, {fileName=Route.java, moduleVersion=null, moduleName=null, nativeMethod=false, methodName=handle, className=org.openqa.selenium.remote.http.Route$CombinedRoute, lineNumber=346, classLoaderName=app}, {fileName=Route.java, moduleVersion=null, moduleName=null, nativeMethod=false, methodName=execute, className=org.openqa.selenium.remote.http.Route, lineNumber=69, classLoaderName=app}, {fileName=Route.java, moduleVersion=null, moduleName=null, nativeMethod=false, methodName=handle, className=org.openqa.selenium.remote.http.Route$CombinedRoute, lineNumber=346, classLoaderName=app}, {fileName=Route.java, moduleVersion=null, moduleName=null, nativeMethod=false, methodName=execute, className=org.openqa.selenium.remote.http.Route, lineNumber=69, classLoaderName=app}, {fileName=Route.java, moduleVersion=null, moduleName=null, nativeMethod=false, methodName=handle, className=org.openqa.selenium.remote.http.Route$CombinedRoute, lineNumber=346, classLoaderName=app}, {fileName=Route.java, moduleVersion=null, moduleName=null, nativeMethod=false, methodName=execute, className=org.openqa.selenium.remote.http.Route, lineNumber=69, classLoaderName=app}, {fileName=AddWebDriverSpecHeaders.java, moduleVersion=null, moduleName=null, nativeMethod=false, methodName=lambda$apply$0, className=org.openqa.selenium.remote.AddWebDriverSpecHeaders, lineNumber=35, classLoaderName=app}, {fileName=ErrorFilter.java, moduleVersion=null, moduleName=null, nativeMethod=false, methodName=lambda$apply$0, className=org.openqa.selenium.remote.ErrorFilter, lineNumber=44, classLoaderName=app}, {fileName=Filter.java, moduleVersion=null, moduleName=null, nativeMethod=false, methodName=execute, className=org.openqa.selenium.remote.http.Filter$1, lineNumber=63, classLoaderName=app}, {fileName=ErrorFilter.java, moduleVersion=null, moduleName=null, nativeMethod=false, methodName=lambda$apply$0, className=org.openqa.selenium.remote.ErrorFilter, lineNumber=44, classLoaderName=app}, {fileName=Filter.java, moduleVersion=null, moduleName=null, nativeMethod=false, methodName=execute, className=org.openqa.selenium.remote.http.Filter$1, lineNumber=63, classLoaderName=app}, {fileName=SeleniumHandler.java, moduleVersion=null, moduleName=null, nativeMethod=false, methodName=lambda$channelRead0$0, className=org.openqa.selenium.netty.server.SeleniumHandler, lineNumber=44, classLoaderName=app}, {fileName=Executors.java, moduleVersion=11.0.21, moduleName=java.base, nativeMethod=false, methodName=call, className=java.util.concurrent.Executors$RunnableAdapter, lineNumber=515, classLoaderName=null}, {fileName=FutureTask.java, moduleVersion=11.0.21, moduleName=java.base, nativeMethod=false, methodName=run, className=java.util.concurrent.FutureTask, lineNumber=264, classLoaderName=null}, {fileName=ThreadPoolExecutor.java, moduleVersion=11.0.21, moduleName=java.base, nativeMethod=false, methodName=runWorker, className=java.util.concurrent.ThreadPoolExecutor, lineNumber=1128, classLoaderName=null}, {fileName=ThreadPoolExecutor.java, moduleVersion=11.0.21, moduleName=java.base, nativeMethod=false, methodName=run, className=java.util.concurrent.ThreadPoolExecutor$Worker, lineNumber=628, classLoaderName=null}, {fileName=Thread.java, moduleVersion=11.0.21, moduleName=java.base, nativeMethod=false, methodName=run, className=java.lang.Thread, lineNumber=829, classLoaderName=null}]
at java.base/jdk.internal.reflect.NativeConstructorAccessorImpl.newInstance0(Native Method)
at java.base/jdk.internal.reflect.NativeConstructorAccessorImpl.newInstance(NativeConstructorAccessorImpl.java:62)
at java.base/jdk.internal.reflect.DelegatingConstructorAccessorImpl.newInstance(DelegatingConstructorAccessorImpl.java:45)
at java.base/java.lang.reflect.Constructor.newInstance(Constructor.java:490)
at org.openqa.selenium.remote.W3CHandshakeResponse.lambda$new$0(W3CHandshakeResponse.java:57)
at org.openqa.selenium.remote.W3CHandshakeResponse.lambda$getResponseFunction$2(W3CHandshakeResponse.java:104)
at org.openqa.selenium.remote.ProtocolHandshake.lambda$createSession$0(ProtocolHandshake.java:122)
at java.base/java.util.stream.ReferencePipeline$3$1.accept(ReferencePipeline.java:195)
at java.base/java.util.Spliterators$ArraySpliterator.tryAdvance(Spliterators.java:958)
at java.base/java.util.stream.ReferencePipeline.forEachWithCancel(ReferencePipeline.java:127)
at java.base/java.util.stream.AbstractPipeline.copyIntoWithCancel(AbstractPipeline.java:502)
at java.base/java.util.stream.AbstractPipeline.copyInto(AbstractPipeline.java:488)
at java.base/java.util.stream.AbstractPipeline.wrapAndCopyInto(AbstractPipeline.java:474)
at java.base/java.util.stream.FindOps$FindOp.evaluateSequential(FindOps.java:150)
at java.base/java.util.stream.AbstractPipeline.evaluate(AbstractPipeline.java:234)
at java.base/java.util.stream.ReferencePipeline.findFirst(ReferencePipeline.java:543)
at org.openqa.selenium.remote.ProtocolHandshake.createSession(ProtocolHandshake.java:125)
at org.openqa.selenium.remote.ProtocolHandshake.createSession(ProtocolHandshake.java:73)
at org.openqa.selenium.remote.HttpCommandExecutor.execute(HttpCommandExecutor.java:136)
at org.openqa.selenium.remote.RemoteWebDriver.execute(RemoteWebDriver.java:548)
at org.openqa.selenium.remote.RemoteWebDriver.startSession(RemoteWebDriver.java:212)
at org.openqa.selenium.remote.RemoteWebDriver.<init>(RemoteWebDriver.java:130)
at org.openqa.selenium.remote.RemoteWebDriver.<init>(RemoteWebDriver.java:143)
at runner.TestRunner.setup(TestRunner.java:66)
at java.base/jdk.internal.reflect.NativeMethodAccessorImpl.invoke0(Native Method)
at java.base/jdk.internal.reflect.NativeMethodAccessorImpl.invoke(NativeMethodAccessorImpl.java:62)
at java.base/jdk.internal.reflect.DelegatingMethodAccessorImpl.invoke(DelegatingMethodAccessorImpl.java:43)
at java.base/java.lang.reflect.Method.invoke(Method.java:566)
at org.testng.internal.MethodInvocationHelper.invokeMethod(MethodInvocationHelper.java:124)
at org.testng.internal.MethodInvocationHelper.invokeMethodConsideringTimeout(MethodInvocationHelper.java:59)
at org.testng.internal.Invoker.invokeConfigurationMethod(Invoker.java:458)
at org.testng.internal.Invoker.invokeConfigurations(Invoker.java:222)
at org.testng.internal.Invoker.invokeConfigurations(Invoker.java:142)
at org.testng.TestRunner.beforeRun(TestRunner.java:529)
at org.testng.TestRunner.run(TestRunner.java:497)
at org.testng.SuiteRunner.runTest(SuiteRunner.java:455)
at org.testng.SuiteRunner.access$000(SuiteRunner.java:40)
at org.testng.SuiteRunner$SuiteWorker.run(SuiteRunner.java:489)
at org.testng.internal.thread.ThreadUtil$1.call(ThreadUtil.java:52)
at java.base/java.util.concurrent.FutureTask.run(FutureTask.java:264)
at java.base/java.util.concurrent.ThreadPoolExecutor.runWorker(ThreadPoolExecutor.java:1128)
at java.base/java.util.concurrent.ThreadPoolExecutor$Worker.run(ThreadPoolExecutor.java:628)
at java.base/java.lang.Thread.run(Thread.java:834)
]]>
            </full-stacktrace>
          </exception> <!-- org.openqa.selenium.SessionNotCreatedException -->
          <reporter-output>
          </reporter-output>
        </test-method> <!-- setup -->
        <test-method signature="features()[pri:0, instance:runner.TestRunner@5f7b97da]" started-at="2024-03-04T16:40:15Z" name="features" finished-at="2024-03-04T16:40:46Z" duration-ms="30932" status="PASS">
          <reporter-output>
          </reporter-output>
        </test-method> <!-- features -->
      </class> <!-- runner.TestRunner -->
    </test> <!-- FirefoxTest -->
  </suite> <!-- Suite -->
</testng-results>
